<?xml version="1.0" encoding="UTF-8"?>
<!-- Generated by org.testng.reporters.JUnitReportReporter -->
<testsuite hostname="LAPTOP-3QB999J2" failures="0" tests="1" name="com.saturday.Headers" time="1.994" errors="0" timestamp="2024-08-22T19:27:23 IST" skipped="0">
  <testcase classname="com.saturday.Headers" name="RetestHead" time="1.994"/>
  <system-out/>
</testsuite> <!-- com.saturday.Headers -->
