<?xml version="1.0" encoding="UTF-8"?>
<!-- Generated by org.testng.reporters.JUnitReportReporter -->
<testsuite hostname="LAPTOP-3QB999J2" failures="0" tests="1" name="com.saturday.PathAndQuery" time="1.309" errors="0" timestamp="2024-08-20T20:17:21 IST" skipped="0">
  <testcase classname="com.saturday.PathAndQuery" name="getCookieValue" time="1.309"/>
  <system-out/>
</testsuite> <!-- com.saturday.PathAndQuery -->
