<?xml version="1.0" encoding="UTF-8"?>
<!-- Generated by org.testng.reporters.JUnitReportReporter -->
<testsuite hostname="LAPTOP-3QB999J2" failures="0" tests="1" name="com.saturday.DataHead" time="1.569" errors="0" timestamp="2024-08-22T20:31:09 IST" skipped="0">
  <testcase classname="com.saturday.DataHead" name="head1" time="1.569"/>
  <system-out/>
</testsuite> <!-- com.saturday.DataHead -->
