<?xml version="1.0" encoding="UTF-8"?>
<!-- Generated by org.testng.reporters.JUnitReportReporter -->
<testsuite hostname="LAPTOP-3QB999J2" failures="0" tests="4" name="com.redate.getRequest" time="3.518" errors="0" timestamp="2024-07-18T17:54:36 IST" skipped="0">
  <testcase classname="com.redate.getRequest" name="post" time="1.989"/>
  <system-out/>
  <testcase classname="com.redate.getRequest" name="createUser" time="0.719"/>
  <system-out/>
  <testcase classname="com.redate.getRequest" name="update" time="0.416"/>
  <system-out/>
  <testcase classname="com.redate.getRequest" name="deleteUser" time="0.394"/>
  <system-out/>
</testsuite> <!-- com.redate.getRequest -->
