<?xml version="1.0" encoding="UTF-8"?>
<!-- Generated by org.testng.reporters.JUnitReportReporter -->
<testsuite hostname="LAPTOP-3QB999J2" failures="0" tests="1" name="com.saturday.PathAndQueryparameter" time="1.939" errors="0" timestamp="2024-08-07T20:33:41 IST" skipped="0">
  <testcase classname="com.saturday.PathAndQueryparameter" name="Cookies" time="1.939"/>
  <system-out/>
</testsuite> <!-- com.saturday.PathAndQueryparameter -->
